<?xml version="1.0" encoding="UTF-8"?>
<!-- Generated by org.testng.reporters.JUnitReportReporter -->
<testsuite hostname="LAPTOP-VMPKN6IC" failures="0" tests="3" name="rahulshettyacademy.Tests.SubmitTest" time="25.438" errors="0" timestamp="2024-12-20T06:56:39 IST" skipped="0">
  <testcase classname="rahulshettyacademy.Tests.SubmitTest" name="submitOrder" time="8.767"/>
  <system-out/>
  <testcase classname="rahulshettyacademy.Tests.SubmitTest" name="submitOrder" time="11.160"/>
  <system-out/>
  <testcase classname="rahulshettyacademy.Tests.SubmitTest" name="OrderHistory" time="5.511"/>
  <system-out/>
</testsuite> <!-- rahulshettyacademy.Tests.SubmitTest -->
