<?xml version="1.0" encoding="UTF-8"?>
<!-- Generated by org.testng.reporters.JUnitReportReporter -->
<testsuite hostname="LAPTOP-VMPKN6IC" failures="0" tests="2" name="rahulshettyacademy.Tests.ErrorValidation" time="18.385" errors="0" timestamp="2024-12-12T18:08:14 IST" skipped="0">
  <testcase classname="rahulshettyacademy.Tests.ErrorValidation" name="ProductErrorValidation" time="11.932"/>
  <system-out/>
  <testcase classname="rahulshettyacademy.Tests.ErrorValidation" name="LogInErrorValidation" time="6.453"/>
  <system-out/>
</testsuite> <!-- rahulshettyacademy.Tests.ErrorValidation -->
