<?xml version="1.0" encoding="UTF-8"?>
<!-- Generated by org.testng.reporters.JUnitReportReporter -->
<testsuite hostname="LAPTOP-VMPKN6IC" failures="0" tests="3" name="rahulshettyacademy.Tests.SubmitTest" time="28.720" errors="0" timestamp="2024-12-12T18:10:08 IST" skipped="0">
  <testcase classname="rahulshettyacademy.Tests.SubmitTest" name="submitOrder" time="10.311"/>
  <testcase classname="rahulshettyacademy.Tests.SubmitTest" name="OrderHistory" time="6.909"/>
  <testcase classname="rahulshettyacademy.Tests.SubmitTest" name="submitOrder" time="11.500"/>
</testsuite> <!-- rahulshettyacademy.Tests.SubmitTest -->
