<?xml version="1.0" encoding="UTF-8"?>
<!-- Generated by org.testng.reporters.JUnitReportReporter -->
<testsuite hostname="LAPTOP-VMPKN6IC" failures="0" tests="2" name="rahulshettyacademy.Tests.ErrorValidation" time="15.976" errors="0" timestamp="2024-12-12T18:10:08 IST" skipped="0">
  <testcase classname="rahulshettyacademy.Tests.ErrorValidation" name="LogInErrorValidation" time="5.898"/>
  <testcase classname="rahulshettyacademy.Tests.ErrorValidation" name="ProductErrorValidation" time="10.078"/>
</testsuite> <!-- rahulshettyacademy.Tests.ErrorValidation -->
