<?xml version="1.0" encoding="UTF-8"?>
<!-- Generated by org.testng.reporters.JUnitReportReporter -->
<testsuite hostname="LAPTOP-VMPKN6IC" failures="0" tests="1" name="cucumber.TestNGTestRunner" time="9.406" errors="0" timestamp="2024-12-22T06:38:40 IST" skipped="0">
  <testcase classname="cucumber.TestNGTestRunner" name="runScenario" time="9.406"/>
</testsuite> <!-- cucumber.TestNGTestRunner -->
